0 info it worked if it ends with ok
1 verbose cli [ '/usr/local/bin/node', '/usr/local/bin/npm', 'run', 'server' ]
2 info using npm@3.10.10
3 info using node@v6.10.0
4 verbose run-script [ 'preserver', 'server', 'postserver' ]
5 info lifecycle todoapp@1.0.0~preserver: todoapp@1.0.0
6 silly lifecycle todoapp@1.0.0~preserver: no script for preserver, continuing
7 info lifecycle todoapp@1.0.0~server: todoapp@1.0.0
8 verbose lifecycle todoapp@1.0.0~server: unsafe-perm in lifecycle true
9 verbose lifecycle todoapp@1.0.0~server: PATH: /usr/local/lib/node_modules/npm/bin/node-gyp-bin:/Users/shengtaoli/Desktop/todoApp/node_modules/.bin:/Users/shengtaoli/Desktop/todoApp/node_modules/.bin:/Users/shengtaoli/.config/yarn/link/node_modules/.bin:/Users/shengtaoli/Desktop/todoApp/node_modules/.bin:/Users/shengtaoli/.config/yarn/link/node_modules/.bin:/usr/local/Cellar/yarn/0.19.1/libexec/lib/node_modules/yarn/bin/node-gyp-bin:/opt/local/bin:/opt/local/sbin:/bin:/sbin:/usr/bin:/usr/local/sbin:/usr/local/bin:/usr/local/bin:/usr/bin:/bin:/usr/sbin:/sbin:/usr/local/maven/bin:/usr/local/maven/lib:/usr/local/ant/bin:/Users/shengtaoli/apache-maven-3.5.0/bin
10 verbose lifecycle todoapp@1.0.0~server: CWD: /Users/shengtaoli/Desktop/todoApp
11 silly lifecycle todoapp@1.0.0~server: Args: [ '-c', 'node index.js' ]
12 silly lifecycle todoapp@1.0.0~server: Returned: code: 1  signal: null
13 info lifecycle todoapp@1.0.0~server: Failed to exec server script
14 verbose stack Error: todoapp@1.0.0 server: `node index.js`
14 verbose stack Exit status 1
14 verbose stack     at EventEmitter.<anonymous> (/usr/local/lib/node_modules/npm/lib/utils/lifecycle.js:255:16)
14 verbose stack     at emitTwo (events.js:106:13)
14 verbose stack     at EventEmitter.emit (events.js:191:7)
14 verbose stack     at ChildProcess.<anonymous> (/usr/local/lib/node_modules/npm/lib/utils/spawn.js:40:14)
14 verbose stack     at emitTwo (events.js:106:13)
14 verbose stack     at ChildProcess.emit (events.js:191:7)
14 verbose stack     at maybeClose (internal/child_process.js:877:16)
14 verbose stack     at Process.ChildProcess._handle.onexit (internal/child_process.js:226:5)
15 verbose pkgid todoapp@1.0.0
16 verbose cwd /Users/shengtaoli/Desktop/todoApp
17 error Darwin 16.7.0
18 error argv "/usr/local/bin/node" "/usr/local/bin/npm" "run" "server"
19 error node v6.10.0
20 error npm  v3.10.10
21 error code ELIFECYCLE
22 error todoapp@1.0.0 server: `node index.js`
22 error Exit status 1
23 error Failed at the todoapp@1.0.0 server script 'node index.js'.
23 error Make sure you have the latest version of node.js and npm installed.
23 error If you do, this is most likely a problem with the todoapp package,
23 error not with npm itself.
23 error Tell the author that this fails on your system:
23 error     node index.js
23 error You can get information on how to open an issue for this project with:
23 error     npm bugs todoapp
23 error Or if that isn't available, you can get their info via:
23 error     npm owner ls todoapp
23 error There is likely additional logging output above.
24 verbose exit [ 1, true ]
